<?xml version="1.0" encoding="UTF-8"?>
<testsuite xmlns:xsi="http://www.w3.org/2001/XMLSchema-instance" xsi:noNamespaceSchemaLocation="https://maven.apache.org/surefire/maven-surefire-plugin/xsd/surefire-test-report-3.0.xsd" version="3.0" name="com.example.lms.AuthorTest.ControllerTest" time="0.463" tests="3" errors="0" skipped="0" failures="0">
  <properties>
[...]
</properties>
  <testcase name="testUpdateAuthor" classname="com.example.lms.AuthorTest.ControllerTest" time="0.136">
    <system-out><![CDATA[16:44:54.789 [main] INFO  org.springframework.test.context.support.AnnotationConfigContextLoaderUtils - Could not detect default configuration classes for test class [com.example.lms.AuthorTest.ControllerTest]: ControllerTest does not declare any static, non-private, non-final, nested classes annotated with @Configuration.
16:44:54.790 [main] INFO  org.springframework.boot.test.context.SpringBootTestContextBootstrapper - Found @SpringBootConfiguration com.example.lms.LmsApplication for test class com.example.lms.AuthorTest.ControllerTest
16:44:54.801 [main] INFO  com.example.lms.AuthorTest.ControllerTest - Starting ControllerTest using Java 22.0.2 with PID 8110 (started by angupta in /Users/angupta/Desktop/lms)
16:44:54.801 [main] INFO  com.example.lms.AuthorTest.ControllerTest - No active profile set, falling back to 1 default profile: "default"
16:44:54.860 [main] INFO  org.springframework.data.repository.config.RepositoryConfigurationDelegate - Bootstrapping Spring Data JPA repositories in DEFAULT mode.
16:44:54.871 [main] INFO  org.springframework.data.repository.config.RepositoryConfigurationDelegate - Finished Spring Data repository scanning in 10 ms. Found 5 JPA repository interfaces.
16:44:54.914 [main] INFO  com.zaxxer.hikari.HikariDataSource - HikariPool-3 - Starting...
16:44:54.925 [main] INFO  com.zaxxer.hikari.pool.HikariPool - HikariPool-3 - Added connection com.mysql.cj.jdbc.ConnectionImpl@b88d294
16:44:54.925 [main] INFO  com.zaxxer.hikari.HikariDataSource - HikariPool-3 - Start completed.
16:44:54.925 [main] INFO  org.hibernate.jpa.internal.util.LogHelper - HHH000204: Processing PersistenceUnitInfo [name: default]
16:44:54.926 [main] INFO  org.hibernate.cache.internal.RegionFactoryInitiator - HHH000026: Second-level cache disabled
16:44:54.929 [main] INFO  org.springframework.orm.jpa.persistenceunit.SpringPersistenceUnitInfo - No LoadTimeWeaver setup: ignoring JPA class transformer
16:44:54.973 [main] INFO  org.hibernate.engine.transaction.jta.platform.internal.JtaPlatformInitiator - HHH000489: No JTA platform available (set 'hibernate.transaction.jta.platform' to enable JTA platform integration)
16:44:54.973 [main] INFO  org.springframework.orm.jpa.LocalContainerEntityManagerFactoryBean - Initialized JPA EntityManagerFactory for persistence unit 'default'
Hibernate: 
    select
        a1_0.admin_id,
        a1_0.admin_name,
        a1_0.admin_position 
    from
        admin a1_0
16:44:55.021 [main] WARN  org.springframework.boot.autoconfigure.orm.jpa.JpaBaseConfiguration$JpaWebConfiguration - spring.jpa.open-in-view is enabled by default. Therefore, database queries may be performed during view rendering. Explicitly configure spring.jpa.open-in-view to disable this warning
16:44:55.026 [main] WARN  org.springframework.web.servlet.mvc.method.annotation.RequestMappingHandlerMapping - Multiple @RequestMapping annotations found on public com.example.lms.model.Admin com.example.lms.controller.AdminController.getOneAdmin(java.lang.Long), but only the first will be used: [@org.springframework.web.bind.annotation.RequestMapping(consumes={}, headers={}, method={}, name="", params={}, path={"{id}"}, produces={}, value={"{id}"}), @org.springframework.web.bind.annotation.GetMapping(consumes={}, headers={}, name="", params={}, path={}, produces={}, value={})]
16:44:55.026 [main] WARN  org.springframework.web.servlet.mvc.method.annotation.RequestMappingHandlerMapping - Multiple @RequestMapping annotations found on public java.util.List com.example.lms.controller.AdminController.getCsvData(), but only the first will be used: [@org.springframework.web.bind.annotation.RequestMapping(consumes={}, headers={}, method={}, name="", params={}, path={"/csvData"}, produces={}, value={"/csvData"}), @org.springframework.web.bind.annotation.GetMapping(consumes={}, headers={}, name="", params={}, path={}, produces={}, value={})]
16:44:55.027 [main] WARN  org.springframework.web.servlet.mvc.method.annotation.RequestMappingHandlerMapping - Multiple @RequestMapping annotations found on public java.lang.String com.example.lms.controller.AuthorController.getCsvData(), but only the first will be used: [@org.springframework.web.bind.annotation.RequestMapping(consumes={}, headers={}, method={}, name="", params={}, path={"/csvData"}, produces={}, value={"/csvData"}), @org.springframework.web.bind.annotation.GetMapping(consumes={}, headers={}, name="", params={}, path={}, produces={}, value={})]
16:44:55.028 [main] WARN  org.springframework.web.servlet.mvc.method.annotation.RequestMappingHandlerMapping - Multiple @RequestMapping annotations found on public com.example.lms.model.Author com.example.lms.controller.AuthorController.getOneAuthor(java.lang.Long), but only the first will be used: [@org.springframework.web.bind.annotation.RequestMapping(consumes={}, headers={}, method={}, name="", params={}, path={"{id}"}, produces={}, value={"{id}"}), @org.springframework.web.bind.annotation.GetMapping(consumes={}, headers={}, name="", params={}, path={}, produces={}, value={})]
16:44:55.028 [main] WARN  org.springframework.web.servlet.mvc.method.annotation.RequestMappingHandlerMapping - Multiple @RequestMapping annotations found on public com.example.lms.model.Book com.example.lms.controller.BookController.getOneBook(java.lang.Long), but only the first will be used: [@org.springframework.web.bind.annotation.RequestMapping(consumes={}, headers={}, method={}, name="", params={}, path={"{id}"}, produces={}, value={"{id}"}), @org.springframework.web.bind.annotation.GetMapping(consumes={}, headers={}, name="", params={}, path={}, produces={}, value={})]
16:44:55.030 [main] WARN  org.springframework.web.servlet.mvc.method.annotation.RequestMappingHandlerMapping - Multiple @RequestMapping annotations found on public com.example.lms.model.Issued com.example.lms.controller.IssuedController.getOneIssued(java.lang.Long), but only the first will be used: [@org.springframework.web.bind.annotation.RequestMapping(consumes={}, headers={}, method={}, name="", params={}, path={"{id}"}, produces={}, value={"{id}"}), @org.springframework.web.bind.annotation.GetMapping(consumes={}, headers={}, name="", params={}, path={}, produces={}, value={})]
16:44:55.031 [main] WARN  org.springframework.web.servlet.mvc.method.annotation.RequestMappingHandlerMapping - Multiple @RequestMapping annotations found on public com.example.lms.model.Member com.example.lms.controller.MemberController.getOneMember(java.lang.Long), but only the first will be used: [@org.springframework.web.bind.annotation.RequestMapping(consumes={}, headers={}, method={}, name="", params={}, path={"{id}"}, produces={}, value={"{id}"}), @org.springframework.web.bind.annotation.GetMapping(consumes={}, headers={}, name="", params={}, path={}, produces={}, value={})]
16:44:55.076 [main] INFO  org.springframework.boot.test.mock.web.SpringBootMockServletContext - Initializing Spring TestDispatcherServlet ''
16:44:55.076 [main] INFO  org.springframework.test.web.servlet.TestDispatcherServlet - Initializing Servlet ''
16:44:55.077 [main] INFO  org.springframework.test.web.servlet.TestDispatcherServlet - Completed initialization in 1 ms
16:44:55.082 [main] INFO  com.example.lms.AuthorTest.ControllerTest - Started ControllerTest in 0.29 seconds (process running for 3.673)
Hibernate: 
    select
        a1_0.author_id,
        a1_0.author_bio,
        a1_0.author_name 
    from
        author a1_0 
    where
        a1_0.author_id=?
Hibernate: 
    update
        author 
    set
        author_bio=?,
        author_name=? 
    where
        author_id=?
Hibernate: 
    select
        a1_0.author_id,
        a1_0.author_bio,
        a1_0.author_name 
    from
        author a1_0 
    where
        a1_0.author_id=?
Hibernate: 
    update
        author 
    set
        author_bio=?,
        author_name=? 
    where
        author_id=?
]]></system-out>
  </testcase>
  <testcase name="testCreateAndGetAuthor" classname="com.example.lms.AuthorTest.ControllerTest" time="0.011">
    <system-out><![CDATA[Hibernate: 
    select
        a1_0.author_id,
        a1_0.author_bio,
        a1_0.author_name 
    from
        author a1_0 
    where
        a1_0.author_id=?
Hibernate: 
    update
        author 
    set
        author_bio=?,
        author_name=? 
    where
        author_id=?
Hibernate: 
    select
        a1_0.author_id,
        a1_0.author_bio,
        a1_0.author_name 
    from
        author a1_0 
    where
        a1_0.author_id=?
]]></system-out>
  </testcase>
  <testcase name="testDeleteAuthor" classname="com.example.lms.AuthorTest.ControllerTest" time="0.018">
    <system-out><![CDATA[Hibernate: 
    select
        a1_0.author_id,
        a1_0.author_bio,
        a1_0.author_name 
    from
        author a1_0 
    where
        a1_0.author_id=?
Hibernate: 
    insert 
    into
        author
        (author_bio, author_name) 
    values
        (?, ?)

MockHttpServletRequest:
      HTTP Method = POST
      Request URI = /api/v1/authors
       Parameters = {}
          Headers = [Content-Type:"application/json;charset=UTF-8", Content-Length:"68"]
             Body = {"authorId":100,"authorName":"John Smith","authorBio":"Nice writer"}
    Session Attrs = {}

Handler:
             Type = com.example.lms.controller.AuthorController
           Method = com.example.lms.controller.AuthorController#createAuthorDetails(Author)

Async:
    Async started = false
     Async result = null

Resolved Exception:
             Type = null

ModelAndView:
        View name = null
             View = null
            Model = null

FlashMap:
       Attributes = null

MockHttpServletResponse:
           Status = 201
    Error message = null
          Headers = [Content-Type:"application/json"]
     Content type = application/json
             Body = {"authorId":102,"authorName":"John Smith","authorBio":"Nice writer"}
    Forwarded URL = null
   Redirected URL = null
          Cookies = []
Hibernate: 
    select
        a1_0.author_id,
        a1_0.author_bio,
        a1_0.author_name 
    from
        author a1_0 
    where
        a1_0.author_id=?

MockHttpServletRequest:
      HTTP Method = DELETE
      Request URI = /api/v1/authors/100
       Parameters = {}
          Headers = []
             Body = null
    Session Attrs = {}

Handler:
             Type = com.example.lms.controller.AuthorController
           Method = com.example.lms.controller.AuthorController#deleteOneAuthor(Long)

Async:
    Async started = false
     Async result = null

Resolved Exception:
             Type = null

ModelAndView:
        View name = null
             View = null
            Model = null

FlashMap:
       Attributes = null

MockHttpServletResponse:
           Status = 200
    Error message = null
          Headers = [Content-Type:"text/plain;charset=UTF-8", Content-Length:"16"]
     Content type = text/plain;charset=UTF-8
             Body = author not Found
    Forwarded URL = null
   Redirected URL = null
          Cookies = []
]]></system-out>
  </testcase>
</testsuite>